<?xml version="1.0" encoding="UTF-8"?>
<!-- Generated by org.testng.reporters.JUnitReportReporter -->
<testsuite hostname="LTIN461581" failures="0" tests="4" name="testng.TestNgDemo" time="8.505" errors="0" timestamp="2025-08-11T15:50:39 IST" skipped="0">
  <testcase classname="testng.TestNgDemo" name="openSite" time="7.558"/>
  <testcase classname="testng.TestNgDemo" name="page2" time="0.428"/>
  <testcase classname="testng.TestNgDemo" name="page3" time="0.126"/>
  <testcase classname="testng.TestNgDemo" name="page1" time="0.393"/>
</testsuite> <!-- testng.TestNgDemo -->
