<?xml version="1.0" encoding="UTF-8"?>
<!-- Generated by org.testng.reporters.JUnitReportReporter -->
<testsuite hostname="LTIN461581" failures="0" tests="10" name="MiniProject.Testing" time="86.552" errors="0" timestamp="2025-08-14T12:28:43 IST" skipped="0">
  <testcase classname="MiniProject.Testing" name="homePage" time="32.319"/>
  <testcase classname="MiniProject.Testing" name="homePage" time="45.343"/>
  <testcase classname="MiniProject.Testing" name="verifyOfferPageTitle" time="0.312"/>
  <testcase classname="MiniProject.Testing" name="verifyOfferPageTitle" time="0.256"/>
  <testcase classname="MiniProject.Testing" name="verifyBannerText" time="0.353"/>
  <testcase classname="MiniProject.Testing" name="verifyBannerText" time="0.217"/>
  <testcase classname="MiniProject.Testing" name="packageList" time="1.325"/>
  <testcase classname="MiniProject.Testing" name="packageList" time="1.272"/>
  <testcase classname="MiniProject.Testing" name="priceList" time="2.739"/>
  <testcase classname="MiniProject.Testing" name="priceList" time="2.416"/>
</testsuite> <!-- MiniProject.Testing -->
